.\Debug\CS580HW1.ilk
F:\Projects\CS580\HW1\.\Debug\CS580HW1.exe
F:\Projects\CS580\HW1\.\Debug\CS580HW1.exe.intermediate.manifest
F:\PROJECTS\CS580\HW1\DEBUG\APPLICATION.OBJ
F:\PROJECTS\CS580\HW1\DEBUG\APPLICATION1.OBJ
F:\Projects\CS580\HW1\Debug\cl.command.1.tlog
F:\Projects\CS580\HW1\Debug\CL.read.1.tlog
F:\Projects\CS580\HW1\Debug\CL.write.1.tlog
F:\PROJECTS\CS580\HW1\DEBUG\CS580HW.OBJ
F:\PROJECTS\CS580\HW1\DEBUG\CS580HW.RES
F:\PROJECTS\CS580\HW1\DEBUG\CS580HW1.EXE
F:\PROJECTS\CS580\HW1\DEBUG\CS580HW1.EXE.EMBED.MANIFEST
F:\PROJECTS\CS580\HW1\DEBUG\CS580HW1.EXE.EMBED.MANIFEST.RES
F:\PROJECTS\CS580\HW1\DEBUG\CS580HW1.EXE.INTERMEDIATE.MANIFEST
F:\PROJECTS\CS580\HW1\DEBUG\CS580HW1.ILK
F:\PROJECTS\CS580\HW1\DEBUG\CS580HW1.PCH
F:\PROJECTS\CS580\HW1\DEBUG\CS580HW1.PDB
F:\Projects\CS580\HW1\Debug\CS580HW1.vcxprojResolveAssemblyReference.cache
F:\Projects\CS580\HW1\Debug\CS580HW1.write.1.tlog
F:\Projects\CS580\HW1\Debug\CS580HW1_manifest.rc
F:\PROJECTS\CS580\HW1\DEBUG\CS580HWDOC.OBJ
F:\PROJECTS\CS580\HW1\DEBUG\CS580HWVIEW.OBJ
F:\PROJECTS\CS580\HW1\DEBUG\DISP.OBJ
F:\Projects\CS580\HW1\Debug\link.command.1.tlog
F:\Projects\CS580\HW1\Debug\link.read.1.tlog
F:\Projects\CS580\HW1\Debug\link.write.1.tlog
F:\Projects\CS580\HW1\Debug\link-cvtres.read.1.tlog
F:\Projects\CS580\HW1\Debug\link-cvtres.write.1.tlog
F:\PROJECTS\CS580\HW1\DEBUG\MAINFRM.OBJ
F:\Projects\CS580\HW1\Debug\mt.command.1.tlog
F:\Projects\CS580\HW1\Debug\mt.read.1.tlog
F:\Projects\CS580\HW1\Debug\mt.write.1.tlog
F:\Projects\CS580\HW1\Debug\rc.command.1.tlog
F:\Projects\CS580\HW1\Debug\rc.read.1.tlog
F:\Projects\CS580\HW1\Debug\rc.write.1.tlog
F:\PROJECTS\CS580\HW1\DEBUG\STDAFX.OBJ
F:\Projects\CS580\HW1\Debug\vc100.idb
F:\PROJECTS\CS580\HW1\DEBUG\VC100.PDB
