Build started 9/9/2013 11:54:37 PM.
     1>Project "F:\Projects\CS580\HW1\CS580HW1.vcxproj" on node 2 (build target(s)).
     1>InitializeBuildStatus:
         Creating ".\Debug\CS580HW1.unsuccessfulbuild" because "AlwaysCreate" was specified.
       ClCompile:
         All outputs are up-to-date.
         C:\Program Files (x86)\Microsoft Visual Studio 10.0\VC\bin\CL.exe /c /ZI /nologo /W3 /WX- /Od /Oy- /D WIN32 /D _DEBUG /D _WINDOWS /D _VC80_UPGRADE=0x0600 /D _MBCS /D _AFXDLL /Gm /EHsc /RTC1 /MDd /GS /Gy- /fp:precise /Zc:wchar_t /Zc:forScope /Yu"stdafx.h" /Fp".\Debug\CS580HW1.pch" /Fo".\Debug\\" /Fd".\Debug\vc100.pdb" /Gd /TP /analyze- /errorReport:prompt disp.cpp
         disp.cpp
       ResourceCompile:
         All outputs are up-to-date.
       ManifestResourceCompile:
         All outputs are up-to-date.
       Link:
         C:\Program Files (x86)\Microsoft Visual Studio 10.0\VC\bin\link.exe /ERRORREPORT:PROMPT /OUT:".\Debug\CS580HW1.exe" /INCREMENTAL /NOLOGO /MANIFEST /ManifestFile:".\Debug\CS580HW1.exe.intermediate.manifest" /MANIFESTUAC:"level='asInvoker' uiAccess='false'" /DEBUG /PDB:"F:\Projects\CS580\HW1\Debug\CS580HW1.pdb" /SUBSYSTEM:WINDOWS /TLBID:1 /DYNAMICBASE /NXCOMPAT /IMPLIB:".\Debug\CS580HW1.lib" /MACHINE:X86 .\Debug\CS580HW.res
         .\Debug\CS580HW1.exe.embed.manifest.res
         .\Debug\Application.obj
         .\Debug\Application1.obj
         .\Debug\CS580HW.obj
         .\Debug\CS580HWDoc.obj
         .\Debug\CS580HWView.obj
         .\Debug\disp.obj
         .\Debug\MainFrm.obj
         .\Debug\StdAfx.obj
       Manifest:
         C:\Program Files (x86)\Microsoft SDKs\Windows\v7.0A\bin\mt.exe /nologo /verbose /out:".\Debug\CS580HW1.exe.embed.manifest" /manifest .\Debug\CS580HW1.exe.intermediate.manifest "C:\Program Files (x86)\Microsoft Visual Studio 10.0\VC\Include\Manifest\dpiaware.manifest"
         All outputs are up-to-date.
       LinkEmbedManifest:
         All outputs are up-to-date.
         CS580HW1.vcxproj -> F:\Projects\CS580\HW1\.\Debug\CS580HW1.exe
       FinalizeBuildStatus:
         Deleting file ".\Debug\CS580HW1.unsuccessfulbuild".
         Touching ".\Debug\CS580HW1.lastbuildstate".
     1>Done Building Project "F:\Projects\CS580\HW1\CS580HW1.vcxproj" (build target(s)).

Build succeeded.

Time Elapsed 00:00:02.04
